ResideMenuDemo/build/outputs/logs/manifest-merger-debug-report.txt
-- Merging decision tree log ---
manifest
ADDED from AndroidResideMenu\ResideMenuDemo\AndroidManifest.xml:2:1-18:12
	package
		ADDED from AndroidResideMenu\ResideMenuDemo\AndroidManifest.xml:3:11-47
	android:versionName
		ADDED from AndroidResideMenu\ResideMenuDemo\AndroidManifest.xml:5:11-36
		INJECTED from AndroidResideMenu\ResideMenuDemo\AndroidManifest.xml
		INJECTED from AndroidResideMenu\ResideMenuDemo\AndroidManifest.xml
	android:versionCode
		ADDED from AndroidResideMenu\ResideMenuDemo\AndroidManifest.xml:4:11-34
		INJECTED from AndroidResideMenu\ResideMenuDemo\AndroidManifest.xml
		INJECTED from AndroidResideMenu\ResideMenuDemo\AndroidManifest.xml
	xmlns:android
		ADDED from AndroidResideMenu\ResideMenuDemo\AndroidManifest.xml:2:11-69
uses-sdk
ADDED from AndroidResideMenu\ResideMenuDemo\AndroidManifest.xml:6:5-7:46
MERGED from [AndroidResideMenu:ResideMenu:unspecified] AndroidManifest.xml:7:5-9:41
	android:targetSdkVersion
		ADDED from AndroidResideMenu\ResideMenuDemo\AndroidManifest.xml:7:15-44
		INJECTED from AndroidResideMenu\ResideMenuDemo\AndroidManifest.xml
		INJECTED from AndroidResideMenu\ResideMenuDemo\AndroidManifest.xml
	android:minSdkVersion
		ADDED from AndroidResideMenu\ResideMenuDemo\AndroidManifest.xml:6:15-40
		INJECTED from AndroidResideMenu\ResideMenuDemo\AndroidManifest.xml
		INJECTED from AndroidResideMenu\ResideMenuDemo\AndroidManifest.xml
application
ADDED from AndroidResideMenu\ResideMenuDemo\AndroidManifest.xml:8:5-17:19
	android:label
		ADDED from AndroidResideMenu\ResideMenuDemo\AndroidManifest.xml:8:18-50
	android:icon
		ADDED from AndroidResideMenu\ResideMenuDemo\AndroidManifest.xml:8:51-87
activity#com.special.ResideMenuDemo.MenuActivity
ADDED from AndroidResideMenu\ResideMenuDemo\AndroidManifest.xml:9:9-16:20
	android:label
		ADDED from AndroidResideMenu\ResideMenuDemo\AndroidManifest.xml:11:19-51
	android:theme
		ADDED from AndroidResideMenu\ResideMenuDemo\AndroidManifest.xml:10:19-72
	android:name
		ADDED from AndroidResideMenu\ResideMenuDemo\AndroidManifest.xml:9:19-46
intent-filter#android.intent.action.MAIN+android.intent.category.LAUNCHER
ADDED from AndroidResideMenu\ResideMenuDemo\AndroidManifest.xml:12:13-15:29
action#android.intent.action.MAIN
ADDED from AndroidResideMenu\ResideMenuDemo\AndroidManifest.xml:13:17-68
	android:name
		ADDED from AndroidResideMenu\ResideMenuDemo\AndroidManifest.xml:13:25-66
category#android.intent.category.LAUNCHER
ADDED from AndroidResideMenu\ResideMenuDemo\AndroidManifest.xml:14:17-76
	android:name
		ADDED from AndroidResideMenu\ResideMenuDemo\AndroidManifest.xml:14:27-74